Using pre-set license
Built from '2021.3/staging' branch; Version is '2021.3.29f1 (204d6dc9ae1c) revision 2116973'; Using compiler version '192829333'; Build Type 'Release'
OS: 'Windows 10  (10.0.19045) 64bit Professional' Language: 'en' Physical Memory: 16334 MB
BatchMode: 1, IsHumanControllingUs: 0, StartBugReporterOnCrash: 0, Is64bit: 1, IsPro: 1

COMMAND LINE ARGUMENTS:
D:\Unity Hub\Unity Installing\2021.3.29f1\Editor\Unity.exe
-adb2
-batchMode
-noUpm
-name
AssetImportWorker2
-projectPath
D:/Unity Projects/Shroomer/Shroomser
-logFile
Logs/AssetImportWorker2.log
-srvPort
57575
Successfully changed project path to: D:/Unity Projects/Shroomer/Shroomser
D:/Unity Projects/Shroomer/Shroomser
[UnityMemory] Configuration Parameters - Can be set up in boot.config
    "memorysetup-bucket-allocator-granularity=16"
    "memorysetup-bucket-allocator-bucket-count=8"
    "memorysetup-bucket-allocator-block-size=33554432"
    "memorysetup-bucket-allocator-block-count=8"
    "memorysetup-main-allocator-block-size=16777216"
    "memorysetup-thread-allocator-block-size=16777216"
    "memorysetup-gfx-main-allocator-block-size=16777216"
    "memorysetup-gfx-thread-allocator-block-size=16777216"
    "memorysetup-cache-allocator-block-size=4194304"
    "memorysetup-typetree-allocator-block-size=2097152"
    "memorysetup-profiler-bucket-allocator-granularity=16"
    "memorysetup-profiler-bucket-allocator-bucket-count=8"
    "memorysetup-profiler-bucket-allocator-block-size=33554432"
    "memorysetup-profiler-bucket-allocator-block-count=8"
    "memorysetup-profiler-allocator-block-size=16777216"
    "memorysetup-profiler-editor-allocator-block-size=1048576"
    "memorysetup-temp-allocator-size-main=16777216"
    "memorysetup-job-temp-allocator-block-size=2097152"
    "memorysetup-job-temp-allocator-block-size-background=1048576"
    "memorysetup-job-temp-allocator-reduction-small-platforms=262144"
    "memorysetup-temp-allocator-size-background-worker=32768"
    "memorysetup-temp-allocator-size-job-worker=262144"
    "memorysetup-temp-allocator-size-preload-manager=33554432"
    "memorysetup-temp-allocator-size-nav-mesh-worker=65536"
    "memorysetup-temp-allocator-size-audio-worker=65536"
    "memorysetup-temp-allocator-size-cloud-worker=32768"
    "memorysetup-temp-allocator-size-gi-baking-worker=262144"
    "memorysetup-temp-allocator-size-gfx=262144"
Player connection [8420] Host "[IP] 192.168.0.105 [Port] 0 [Flags] 2 [Guid] 1920073097 [EditorId] 1920073097 [Version] 1048832 [Id] WindowsEditor(7,DESKTOP-MTEMGFK) [Debug] 1 [PackageName] WindowsEditor [ProjectName] Editor" joined multi-casting on [225.0.0.222:54997]...

Player connection [8420] Host "[IP] 192.168.0.105 [Port] 0 [Flags] 2 [Guid] 1920073097 [EditorId] 1920073097 [Version] 1048832 [Id] WindowsEditor(7,DESKTOP-MTEMGFK) [Debug] 1 [PackageName] WindowsEditor [ProjectName] Editor" joined alternative multi-casting on [225.0.0.222:34997]...

Refreshing native plugins compatible for Editor in 181.22 ms, found 3 plugins.
Preloading 0 native plugins for Editor in 0.00 ms.
Initialize engine version: 2021.3.29f1 (204d6dc9ae1c)
[Subsystems] Discovering subsystems at path D:/Unity Hub/Unity Installing/2021.3.29f1/Editor/Data/Resources/UnitySubsystems
[Subsystems] Discovering subsystems at path D:/Unity Projects/Shroomer/Shroomser/Assets
GfxDevice: creating device client; threaded=0; jobified=0
Direct3D:
    Version:  Direct3D 11.0 [level 11.1]
    Renderer: AMD Radeon RX 5600 XT (ID=0x731f)
    Vendor:   ATI
    VRAM:     6103 MB
    Driver:   31.0.21023.2010
Initialize mono
Mono path[0] = 'D:/Unity Hub/Unity Installing/2021.3.29f1/Editor/Data/Managed'
Mono path[1] = 'D:/Unity Hub/Unity Installing/2021.3.29f1/Editor/Data/MonoBleedingEdge/lib/mono/unityjit-win32'
Mono config path = 'D:/Unity Hub/Unity Installing/2021.3.29f1/Editor/Data/MonoBleedingEdge/etc'
Using monoOptions --debugger-agent=transport=dt_socket,embedding=1,server=y,suspend=n,address=127.0.0.1:56720
Begin MonoManager ReloadAssembly
Registering precompiled unity dll's ...
Register platform support module: D:/Unity Hub/Unity Installing/2021.3.29f1/Editor/Data/PlaybackEngines/AndroidPlayer/UnityEditor.Android.Extensions.dll
Register platform support module: D:/Unity Hub/Unity Installing/2021.3.29f1/Editor/Data/PlaybackEngines/WindowsStandaloneSupport/UnityEditor.WindowsStandalone.Extensions.dll
Registered in 0.006972 seconds.
Native extension for WindowsStandalone target not found
Native extension for Android target not found
Android Extension - Scanning For ADB Devices 396 ms
Refreshing native plugins compatible for Editor in 157.32 ms, found 3 plugins.
Preloading 0 native plugins for Editor in 0.00 ms.
Mono: successfully reloaded assembly
- Completed reload, in  1.571 seconds
Domain Reload Profiling:
	ReloadAssembly (1572ms)
		BeginReloadAssembly (149ms)
			ExecutionOrderSort (0ms)
			DisableScriptedObjects (0ms)
			BackupInstance (0ms)
			ReleaseScriptingObjects (0ms)
			CreateAndSetChildDomain (1ms)
		EndReloadAssembly (1257ms)
			LoadAssemblies (147ms)
			RebuildTransferFunctionScriptingTraits (0ms)
			SetupTypeCache (201ms)
			ReleaseScriptCaches (0ms)
			RebuildScriptCaches (47ms)
			SetupLoadedEditorAssemblies (925ms)
				LogAssemblyErrors (0ms)
				InitializePlatformSupportModulesInManaged (565ms)
				SetLoadedEditorAssemblies (0ms)
				RefreshPlugins (157ms)
				BeforeProcessingInitializeOnLoad (2ms)
				ProcessInitializeOnLoadAttributes (126ms)
				ProcessInitializeOnLoadMethodAttributes (75ms)
				AfterProcessingInitializeOnLoad (0ms)
				EditorAssembliesLoaded (0ms)
			ExecutionOrderSort2 (0ms)
			AwakeInstancesAfterBackupRestoration (0ms)
Platform modules already initialized, skipping
Registering precompiled user dll's ...
Registered in 0.009565 seconds.
Begin MonoManager ReloadAssembly
Symbol file LoadedFromMemory doesn't match image D:\Unity Projects\Shroomer\Shroomser\Library\PackageCache\com.unity.visualscripting@1.8.0\Editor\VisualScripting.Core\Dependencies\YamlDotNet\Unity.VisualScripting.YamlDotNet.dll
Symbol file LoadedFromMemory doesn't match image D:\Unity Projects\Shroomer\Shroomser\Library\PackageCache\com.unity.visualscripting@1.8.0\Editor\VisualScripting.Core\Dependencies\DotNetZip\Unity.VisualScripting.IonicZip.dll
Native extension for WindowsStandalone target not found
Native extension for Android target not found
Refreshing native plugins compatible for Editor in 164.82 ms, found 3 plugins.
Preloading 0 native plugins for Editor in 0.00 ms.
Mono: successfully reloaded assembly
- Completed reload, in  8.766 seconds
Domain Reload Profiling:
	ReloadAssembly (8768ms)
		BeginReloadAssembly (178ms)
			ExecutionOrderSort (0ms)
			DisableScriptedObjects (8ms)
			BackupInstance (0ms)
			ReleaseScriptingObjects (0ms)
			CreateAndSetChildDomain (29ms)
		EndReloadAssembly (8329ms)
			LoadAssemblies (5997ms)
			RebuildTransferFunctionScriptingTraits (0ms)
			SetupTypeCache (1266ms)
			ReleaseScriptCaches (1ms)
			RebuildScriptCaches (99ms)
			SetupLoadedEditorAssemblies (898ms)
				LogAssemblyErrors (0ms)
				InitializePlatformSupportModulesInManaged (25ms)
				SetLoadedEditorAssemblies (0ms)
				RefreshPlugins (165ms)
				BeforeProcessingInitializeOnLoad (147ms)
				ProcessInitializeOnLoadAttributes (426ms)
				ProcessInitializeOnLoadMethodAttributes (130ms)
				AfterProcessingInitializeOnLoad (6ms)
				EditorAssembliesLoaded (0ms)
			ExecutionOrderSort2 (0ms)
			AwakeInstancesAfterBackupRestoration (10ms)
Platform modules already initialized, skipping
========================================================================
Worker process is ready to serve import requests
Launched and connected shader compiler UnityShaderCompiler.exe after 0.15 seconds
Refreshing native plugins compatible for Editor in 0.98 ms, found 3 plugins.
Preloading 0 native plugins for Editor in 0.00 ms.
Unloading 5047 Unused Serialized files (Serialized files now loaded: 0)
Unloading 41 unused Assets / (423.7 KB). Loaded Objects now: 5511.
Memory consumption went from 209.6 MB to 209.2 MB.
Total: 5.120400 ms (FindLiveObjects: 0.835400 ms CreateObjectMapping: 0.363500 ms MarkObjects: 3.604100 ms  DeleteObjects: 0.316700 ms)

AssetImportParameters requested are different than current active one (requested -> active):
  custom:video-decoder-ogg-theora: a1e56fd34408186e4bbccfd4996cb3dc -> 
  custom:container-muxer-webm: aa71ff27fc2769a1b78a27578f13a17b -> 
  custom:container-demuxer-webm: 4f35f7cbe854078d1ac9338744f61a02 -> 
  custom:video-encoder-webm-vp8: eb34c28f22e8b96e1ab97ce403110664 -> 
  custom:CustomObjectIndexerAttribute: 6b0e35c9178b02a6363f3721b7b8e397 -> 
  custom:audio-encoder-webm-vorbis: bf7c407c2cedff20999df2af8eb42d56 -> 
  custom:framework-win-MediaFoundation: 216162199b28c13a410421893ffa2e32 -> 
  custom:container-demuxer-ogg: 62fdf1f143b41e24485cea50d1cbac27 -> 
  custom:video-decoder-webm-vp8: 9c59270c3fd7afecdb556c50c9e8de78 -> 
  custom:audio-decoder-ogg-vorbis: bf7c407c2cedff20999df2af8eb42d56 -> 
========================================================================
Received Import Request.
  Time since last request: 1620.446928 seconds.
  path: Assets/Model/Mushrooms/Mushroom_Standart_2.obj
  artifactKey: Guid(75962c7dc9dea6e4fad849c804cd69cb) Importer(815301076,1909f56bfc062723c751e8b465ee728b)
Start importing Assets/Model/Mushrooms/Mushroom_Standart_2.obj using Guid(75962c7dc9dea6e4fad849c804cd69cb) Importer(815301076,1909f56bfc062723c751e8b465ee728b)  -> (artifact id: '8bbc4a6a6247f8310f761b8d0de2015e') in 0.103336 seconds 
========================================================================
Received Import Request.
  Time since last request: 0.000037 seconds.
  path: Assets/Model/Player/Clothes
  artifactKey: Guid(d64d79fcf95cdff468fbe70ad0d60709) Importer(815301076,1909f56bfc062723c751e8b465ee728b)
Start importing Assets/Model/Player/Clothes using Guid(d64d79fcf95cdff468fbe70ad0d60709) Importer(815301076,1909f56bfc062723c751e8b465ee728b)  -> (artifact id: '57f2417b5aee2f303cf61984e67e7393') in 0.011468 seconds 
========================================================================
Received Import Request.
  Time since last request: 0.000032 seconds.
  path: Assets/Model/Mushrooms/box.obj
  artifactKey: Guid(5e7788f101288e8439e15fc841ce6aa7) Importer(815301076,1909f56bfc062723c751e8b465ee728b)
Start importing Assets/Model/Mushrooms/box.obj using Guid(5e7788f101288e8439e15fc841ce6aa7) Importer(815301076,1909f56bfc062723c751e8b465ee728b)  -> (artifact id: '4ec35d49681d762d2ef6f2bce71b806c') in 0.018383 seconds 
========================================================================
Received Import Request.
  Time since last request: 0.000022 seconds.
  path: Assets/Model/Mushrooms/Mushroom_1.obj
  artifactKey: Guid(ec98cb6f6e344104aa47d87339f7ea71) Importer(815301076,1909f56bfc062723c751e8b465ee728b)
Start importing Assets/Model/Mushrooms/Mushroom_1.obj using Guid(ec98cb6f6e344104aa47d87339f7ea71) Importer(815301076,1909f56bfc062723c751e8b465ee728b)  -> (artifact id: '2cac4bb6f7229379ffe784fac1e68941') in 0.011380 seconds 
========================================================================
Received Import Request.
  Time since last request: 0.000029 seconds.
  path: Assets/Model/Mushrooms/MushroomUnderGround.obj
  artifactKey: Guid(bd92a216ae626214485f4947db35c164) Importer(815301076,1909f56bfc062723c751e8b465ee728b)
Start importing Assets/Model/Mushrooms/MushroomUnderGround.obj using Guid(bd92a216ae626214485f4947db35c164) Importer(815301076,1909f56bfc062723c751e8b465ee728b)  -> (artifact id: '43f80e44bd4c55ce10f1c85e104919ff') in 0.011121 seconds 
========================================================================
Received Import Request.
  Time since last request: 153.104553 seconds.
  path: Assets/Image/Untitled-2.png
  artifactKey: Guid(bd581f6ef2ac42c44a84e179b8830dda) Importer(815301076,1909f56bfc062723c751e8b465ee728b)
Start importing Assets/Image/Untitled-2.png using Guid(bd581f6ef2ac42c44a84e179b8830dda) Importer(815301076,1909f56bfc062723c751e8b465ee728b)  -> (artifact id: 'ae668d6f5b3ae4dfeab1dfddf501fa6e') in 0.023753 seconds 
========================================================================
Received Import Request.
  Time since last request: 9.717562 seconds.
  path: Assets/Image/Untitled-2.png
  artifactKey: Guid(bd581f6ef2ac42c44a84e179b8830dda) Importer(815301076,1909f56bfc062723c751e8b465ee728b)
Start importing Assets/Image/Untitled-2.png using Guid(bd581f6ef2ac42c44a84e179b8830dda) Importer(815301076,1909f56bfc062723c751e8b465ee728b)  -> (artifact id: '56e1bfad66598dac09245b03b2fea8a0') in 0.006359 seconds 
========================================================================
Received Import Request.
  Time since last request: 66.589314 seconds.
  path: Assets/Image/Untitled-2.png
  artifactKey: Guid(bd581f6ef2ac42c44a84e179b8830dda) Importer(815301076,1909f56bfc062723c751e8b465ee728b)
Start importing Assets/Image/Untitled-2.png using Guid(bd581f6ef2ac42c44a84e179b8830dda) Importer(815301076,1909f56bfc062723c751e8b465ee728b)  -> (artifact id: 'c508e93a84e1f3fb170d2dc2c40cfb83') in 0.006986 seconds 
========================================================================
Received Import Request.
  Time since last request: 100.905498 seconds.
  path: Assets/Joystick Pack
  artifactKey: Guid(c5a86d98d4b683d4a949467f4156ce3b) Importer(815301076,1909f56bfc062723c751e8b465ee728b)
Start importing Assets/Joystick Pack using Guid(c5a86d98d4b683d4a949467f4156ce3b) Importer(815301076,1909f56bfc062723c751e8b465ee728b)  -> (artifact id: 'e3a84f18caa083d1161987da436e3f6a') in 0.013352 seconds 
========================================================================
Received Import Request.
  Time since last request: 1.179631 seconds.
  path: Assets/Scenes
  artifactKey: Guid(5495bd953762ec942adfd940523bc830) Importer(815301076,1909f56bfc062723c751e8b465ee728b)
Start importing Assets/Scenes using Guid(5495bd953762ec942adfd940523bc830) Importer(815301076,1909f56bfc062723c751e8b465ee728b)  -> (artifact id: 'b20e86df4cd76880d186f99b6c07aa41') in 0.011442 seconds 
